Serial_number Axis Date Time Old_Cal_Offset New_Cal_Offset Diff_Cal_Offset
14kL-502153 1 2020-10-26 11:32:45 4.72640 0.59400 -4.13240
14kL-502153 2 2020-10-26 11:33:15 3.01210 3.66530 0.65320
14kL-502153 3 2020-10-26 11:33:45 4.74300 1.08910 -3.65390
14kL-502153 4 2020-10-26 11:34:19 5.61510 5.58250 -0.03260
14kL-502153 5 2020-10-26 11:35:10 2.31620 0.67750 -1.63870
14kL-502153 6 2020-10-26 11:35:46 1.28440 0.85750 -0.42690
14kL-502153 7 2020-10-26 11:36:17 2.24740 6.01050 3.76310
14kR-502153 1 2020-10-26 11:45:25 2.47030 2.78120 0.31090
14kR-502153 2 2020-10-26 11:45:52 1.83400 5.16910 3.33510
14kR-502153 3 2020-10-26 11:46:26 3.85780 1.21100 -2.64680
14kR-502153 4 2020-10-26 11:46:59 5.49210 5.96120 0.46910
14kR-502153 5 2020-10-26 11:47:56 5.48280 6.03760 0.55480
14kR-502153 6 2020-10-26 11:48:31 4.06390 6.04200 1.97810
14kR-502153 7 2020-10-26 11:49:02 3.06790 3.57360 0.50570
14kL-502153 1 2020-12-02 18:23:20 0.59400 0.60230 0.00830
14kL-502153 2 2020-12-02 18:23:49 3.66530 3.65490 -0.01040
14kL-502153 3 2020-12-02 18:24:20 1.08910 1.05720 -0.03190
14kL-502153 4 2020-12-02 18:24:53 5.58250 5.57650 -0.00600
14kL-502153 5 2020-12-02 18:25:43 0.67750 0.64590 -0.03160
14kL-502153 6 2020-12-02 18:26:19 0.85750 0.84270 -0.01480
14kL-502153 7 2020-12-02 18:26:49 6.01050 6.00890 -0.00160
14kR-502153 1 2020-12-02 18:45:21 2.78120 2.76530 -0.01590
14kR-502153 2 2020-12-02 18:45:48 5.16910 5.15420 -0.01490
14kR-502153 3 2020-12-02 18:46:22 1.21100 1.19110 -0.01990
14kR-502153 4 2020-12-02 18:46:56 5.96120 5.96390 0.00270
14kR-502153 5 2020-12-02 18:47:53 6.03760 5.99360 -0.04400
14kR-502153 6 2020-12-02 18:48:27 6.04200 6.02500 -0.01700
14kR-502153 7 2020-12-02 18:48:57 3.57360 3.57720 0.00360
14kL-502153 1 2021-06-01 15:11:57 0.60230 0.60430 0.00200
14kL-502153 2 2021-06-01 15:12:26 3.65490 3.65170 -0.00320
14kL-502153 3 2021-06-01 15:12:57 1.05720 1.05290 -0.00430
14kL-502153 4 2021-06-01 15:13:30 5.57650 5.56830 -0.00820
14kL-502153 5 2021-06-01 15:14:20 0.64590 0.64480 -0.00110
14kL-502153 6 2021-06-01 15:14:55 0.84270 0.82790 -0.01480
14kL-502153 7 2021-06-01 15:15:25 6.00890 6.00060 -0.00830
14kR-502153 1 2021-06-01 15:18:16 2.76530 2.76570 0.00040
14kR-502153 2 2021-06-01 15:18:43 5.15420 5.15310 -0.00110
14kR-502153 3 2021-06-01 15:19:17 1.19110 1.18930 -0.00180
14kR-502153 4 2021-06-01 15:19:51 5.96390 5.86620 -0.09770
14kR-502153 5 2021-06-01 15:20:47 5.99360 5.94790 -0.04570
14kR-502153 6 2021-06-01 15:21:22 6.02500 5.98820 -0.03680
14kR-502153 7 2021-06-01 15:21:52 3.57720 3.57820 0.00100
14kR-502153 1 2022-03-02 20:45:59 2.76570 2.75870 -0.00700
14kR-502153 2 2022-03-02 20:46:26 5.15310 5.15420 0.00110
14kR-502153 3 2022-03-02 20:47:00 1.18930 1.18270 -0.00660
14kR-502153 4 2022-03-02 20:47:34 5.86620 5.85910 -0.00710
14kR-502153 5 2022-03-02 20:48:30 5.94790 5.82570 -0.12220
14kR-502153 6 2022-03-02 20:49:06 5.98820 5.97270 -0.01550
14kR-502153 7 2022-03-02 20:49:35 3.57820 3.57660 -0.00160
14kR-502153 1 2022-03-14 20:38:34 2.75870 2.75750 -0.00120
14kR-502153 2 2022-03-14 20:39:01 5.15420 5.15240 -0.00180
14kR-502153 3 2022-03-14 20:39:35 1.18270 1.18560 0.00290
14kR-502153 4 2022-03-14 20:40:09 5.85910 5.85950 0.00040
14kR-502153 5 2022-03-14 20:41:05 5.82570 5.82350 -0.00220
14kR-502153 5 2022-03-14 20:43:15 5.82350 5.82350 0.00000
14kR-502153 6 2022-03-14 20:43:51 5.97270 5.97340 0.00070
14kR-502153 7 2022-03-14 20:44:21 3.57660 3.57770 0.00110
14kL-502153 1 2022-03-14 20:46:23 0.60430 0.61710 0.01280
14kL-502153 2 2022-03-14 20:47:01 3.65170 3.64870 -0.00300
14kL-502153 3 2022-03-14 20:47:31 1.05290 1.05570 0.00280
14kL-502153 4 2022-03-14 20:48:04 5.56830 5.57110 0.00280
14kL-502153 5 2022-03-14 20:48:54 0.64480 0.63860 -0.00620
14kL-502153 6 2022-03-14 20:49:30 0.82790 0.81310 -0.01480
14kL-502153 7 2022-03-14 20:50:00 6.00060 5.99720 -0.00340
14kR-502153 1 2022-03-16 20:44:29 2.75750 2.76010 0.00260
14kR-502153 2 2022-03-16 20:44:57 5.15240 5.15310 0.00070
14kR-502153 3 2022-03-16 20:45:30 1.18560 1.18490 -0.00070
14kR-502153 4 2022-03-16 20:46:05 5.85950 5.85990 0.00040
14kR-502153 5 2022-03-16 20:47:01 5.82350 5.82260 -0.00090
14kR-502153 6 2022-03-16 20:47:37 5.97340 5.97290 -0.00050
14kR-502153 7 2022-03-16 20:48:07 3.57770 3.57640 -0.00130
14kL-502153 1 2022-03-16 20:55:24 0.61710 0.61420 -0.00290
14kL-502153 2 2022-03-16 20:55:54 3.64870 3.65390 0.00520
14kL-502153 3 2022-03-16 20:56:24 1.05570 1.05490 -0.00080
14kL-502153 4 2022-03-16 20:56:57 5.57110 5.56990 -0.00120
14kL-502153 5 2022-03-16 20:57:47 0.63860 0.63960 0.00100
14kL-502153 6 2022-03-16 20:58:22 0.81310 0.80830 -0.00480
14kL-502153 7 2022-03-16 20:58:52 5.99720 5.99610 -0.00110
14kR-502153 1 2022-03-18 21:36:26 2.76010 2.75800 -0.00210
14kR-502153 2 2022-03-18 21:36:54 5.15310 5.15310 0.00000
14kR-502153 3 2022-03-18 21:37:28 1.18490 1.18460 -0.00030
14kR-502153 4 2022-03-18 21:38:01 5.85990 5.85990 0.00000
14kR-502153 5 2022-03-18 21:38:58 5.82260 5.82180 -0.00080
14kR-502153 6 2022-03-18 21:39:33 5.97290 5.97110 -0.00180
14kR-502153 7 2022-03-18 21:40:03 3.57640 3.57680 0.00040
14kL-502153 1 2022-03-18 21:41:30 0.61420 0.61210 -0.00210
14kL-502153 2 2022-03-18 21:42:00 3.65390 3.65030 -0.00360
14kL-502153 3 2022-03-18 21:42:30 1.05490 1.05510 0.00020
